<?xml version="1.0" encoding="UTF-8"?>
<!-- Generated by org.testng.reporters.JUnitReportReporter -->
<testsuite hostname="MB-W-SUNILM" failures="0" tests="1" name="Scripts.ValidLogin" time="20.726" errors="0" timestamp="2021-12-24T08:19:14 IST" skipped="0">
  <testcase classname="Scripts.ValidLogin" name="testValidLogin" time="20.726"/>
  <system-out/>
</testsuite> <!-- Scripts.ValidLogin -->
