<?xml version="1.0" encoding="UTF-8"?>
<!-- Generated by org.testng.reporters.JUnitReportReporter -->
<testsuite hostname="MB-W-SUNILM" failures="0" tests="1" name="Scripts.InvalidLogin" time="17.109" errors="0" timestamp="2021-12-24T08:09:41 IST" skipped="0">
  <testcase classname="Scripts.InvalidLogin" name="testInvalidLogin" time="17.109"/>
  <system-out/>
</testsuite> <!-- Scripts.InvalidLogin -->
