<?xml version="1.0" encoding="UTF-8"?>
<!-- Generated by org.testng.reporters.JUnitReportReporter -->
<testsuite hostname="MB-W-SUNILM" failures="0" tests="1" name="Scripts.DemoHomePageMedicine" time="22.679" errors="0" timestamp="2021-12-22T09:26:03 IST" skipped="0">
  <testcase classname="Scripts.DemoHomePageMedicine" name="testA" time="22.679"/>
  <system-out>
    <![CDATA[XL Data:admin
Demo test]]>
  </system-out>
</testsuite> <!-- Scripts.DemoHomePageMedicine -->
